<?xml version="1.0" encoding="UTF-8"?>
<!-- Generated by org.testng.reporters.JUnitReportReporter -->
<testsuite hostname="MSI" failures="0" tests="1" name="com.Bestbuy.tests.BestBuySignupTest" time="52.713" errors="0" timestamp="2023-09-07T10:05:54 IST" skipped="0">
  <testcase classname="com.Bestbuy.tests.BestBuySignupTest" name="signUpPage" time="52.713"/>
  <system-out/>
</testsuite> <!-- com.Bestbuy.tests.BestBuySignupTest -->
