<?xml version="1.0" encoding="UTF-8"?>
<!-- Generated by org.testng.reporters.JUnitReportReporter -->
<testsuite hostname="MSI" failures="0" tests="1" name="com.Bestbuy.tests.BestbuyOpenBrowserTest" time="4.318" errors="0" timestamp="2023-09-03T07:58:24 IST" skipped="0">
  <testcase classname="com.Bestbuy.tests.BestbuyOpenBrowserTest" name="browserLaunch" time="4.318"/>
  <system-out/>
</testsuite> <!-- com.Bestbuy.tests.BestbuyOpenBrowserTest -->
