<?xml version="1.0" encoding="UTF-8"?>
<!-- Generated by org.testng.reporters.JUnitReportReporter -->
<testsuite hostname="MSI" failures="0" tests="1" name="com.Bestbuy.tests.BestBuySearch_NegativeTest" time="43.645" errors="0" timestamp="2023-09-04T21:14:19 IST" skipped="0">
  <testcase classname="com.Bestbuy.tests.BestBuySearch_NegativeTest" name="signIn_invalidCredentials" time="43.645"/>
  <system-out/>
</testsuite> <!-- com.Bestbuy.tests.BestBuySearch_NegativeTest -->
