<?xml version="1.0" encoding="UTF-8"?>
<!-- Generated by org.testng.reporters.JUnitReportReporter -->
<testsuite hostname="MSI" failures="0" tests="1" name="com.Bestbuy.tests.BestBuyMenuTest" time="42.080" errors="0" timestamp="2023-09-06T19:39:51 IST" skipped="0">
  <testcase classname="com.Bestbuy.tests.BestBuyMenuTest" name="menuNavigation" time="42.080"/>
  <system-out/>
</testsuite> <!-- com.Bestbuy.tests.BestBuyMenuTest -->
