<?xml version="1.0" encoding="UTF-8"?>
<!-- Generated by org.testng.reporters.JUnitReportReporter -->
<testsuite hostname="MSI" failures="0" tests="1" name="com.Bestbuy.tests.BestBuyBottomPageTest" time="114.401" errors="0" timestamp="2023-09-04T20:39:31 IST" skipped="0">
  <testcase classname="com.Bestbuy.tests.BestBuyBottomPageTest" name="bottomLinkValidation" time="114.401"/>
  <system-out/>
</testsuite> <!-- com.Bestbuy.tests.BestBuyBottomPageTest -->
