<?xml version="1.0" encoding="UTF-8"?>
<!-- Generated by org.testng.reporters.JUnitReportReporter -->
<testsuite hostname="MSI" failures="0" tests="1" name="com.Bestbuy.tests.BestBuySignin_NegativeTest" time="51.606" errors="0" timestamp="2023-09-06T21:14:34 IST" skipped="0">
  <testcase classname="com.Bestbuy.tests.BestBuySignin_NegativeTest" name="signIn_invalidCredentials" time="51.606"/>
  <system-out/>
</testsuite> <!-- com.Bestbuy.tests.BestBuySignin_NegativeTest -->
