<?xml version="1.0" encoding="UTF-8"?>
<!-- Generated by org.testng.reporters.JUnitReportReporter -->
<testsuite hostname="MSI" failures="0" tests="1" name="com.Bestbuy.tests.BestBuyAddItemsTest" time="139.897" errors="0" timestamp="2023-09-07T10:05:54 IST" skipped="0">
  <testcase classname="com.Bestbuy.tests.BestBuyAddItemsTest" name="add_Items_toCart" time="139.897"/>
  <system-out/>
</testsuite> <!-- com.Bestbuy.tests.BestBuyAddItemsTest -->
