<?xml version="1.0" encoding="UTF-8"?>
<!-- Generated by org.testng.reporters.JUnitReportReporter -->
<testsuite hostname="MSI" failures="0" tests="1" name="com.Bestbuy.tests.BestBuyAddItemsTest" time="153.746" errors="0" timestamp="2023-09-06T21:14:34 IST" skipped="0">
  <testcase classname="com.Bestbuy.tests.BestBuyAddItemsTest" name="add_Items_toCart" time="153.746"/>
  <system-out/>
</testsuite> <!-- com.Bestbuy.tests.BestBuyAddItemsTest -->
