<?xml version="1.0" encoding="UTF-8"?>
<!-- Generated by org.testng.reporters.JUnitReportReporter -->
<testsuite hostname="MSI" failures="0" tests="1" name="com.Bestbuy.tests.BestBuyBottomPageTest" time="116.945" errors="0" timestamp="2023-09-06T12:16:47 IST" skipped="0">
  <testcase classname="com.Bestbuy.tests.BestBuyBottomPageTest" name="bottomLinkValidation" time="116.945"/>
  <system-out/>
</testsuite> <!-- com.Bestbuy.tests.BestBuyBottomPageTest -->
