<?xml version="1.0" encoding="UTF-8"?>
<!-- Generated by org.testng.reporters.JUnitReportReporter -->
<testsuite hostname="MSI" failures="0" tests="1" name="com.Bestbuy.tests.BestBuyMenuTest" time="35.392" errors="0" timestamp="2023-09-07T10:05:54 IST" skipped="0">
  <testcase classname="com.Bestbuy.tests.BestBuyMenuTest" name="menuNavigation" time="35.392"/>
  <system-out/>
</testsuite> <!-- com.Bestbuy.tests.BestBuyMenuTest -->
