<?xml version="1.0" encoding="UTF-8"?>
<!-- Generated by org.testng.reporters.JUnitReportReporter -->
<testsuite hostname="MSI" failures="0" tests="1" name="com.Bestbuy.tests.BestBuySignupTest" time="42.416" errors="0" timestamp="2023-09-06T12:16:47 IST" skipped="0">
  <testcase classname="com.Bestbuy.tests.BestBuySignupTest" name="signUpPage" time="42.416"/>
  <system-out/>
</testsuite> <!-- com.Bestbuy.tests.BestBuySignupTest -->
